{
  "RSpec": {
    "coverage": {
      "/home/vedsharma/Desktop/Playground/ROR/loan_app_new/app/models/user.rb": {
        "lines": [
          1,
          1,
          null,
          1,
          1,
          2,
          null,
          null,
          null,
          1,
          null,
          null
        ]
      },
      "/home/vedsharma/Desktop/Playground/ROR/loan_app_new/app/models/application_record.rb": {
        "lines": [
          1,
          1,
          null
        ]
      },
      "/home/vedsharma/Desktop/Playground/ROR/loan_app_new/app/helpers/application_helper.rb": {
        "lines": [
          1,
          null
        ]
      },
      "/home/vedsharma/Desktop/Playground/ROR/loan_app_new/app/channels/application_cable/channel.rb": {
        "lines": [
          1,
          1,
          null,
          null
        ]
      },
      "/home/vedsharma/Desktop/Playground/ROR/loan_app_new/app/channels/application_cable/connection.rb": {
        "lines": [
          1,
          1,
          null,
          null
        ]
      },
      "/home/vedsharma/Desktop/Playground/ROR/loan_app_new/app/controllers/application_controller.rb": {
        "lines": [
          1,
          null
        ]
      },
      "/home/vedsharma/Desktop/Playground/ROR/loan_app_new/app/controllers/custom_controller.rb": {
        "lines": [
          null,
          null,
          null,
          1,
          1,
          2,
          2,
          null,
          null,
          null
        ]
      },
      "/home/vedsharma/Desktop/Playground/ROR/loan_app_new/app/controllers/loans_controller.rb": {
        "lines": [
          1,
          1,
          null,
          1,
          null,
          1,
          4,
          3,
          3,
          null,
          0,
          null,
          null,
          1,
          1,
          null,
          null,
          null,
          1,
          4,
          2,
          null,
          2,
          2,
          null,
          null,
          null,
          1,
          null,
          1,
          1,
          1,
          1,
          1,
          null,
          0,
          0,
          null,
          null,
          null,
          1,
          2,
          1,
          1,
          null,
          1,
          null,
          null,
          null,
          1,
          2,
          2,
          2,
          2,
          null,
          null,
          1,
          null,
          1,
          4,
          null,
          null,
          1,
          3,
          null,
          null,
          null,
          null,
          null,
          null,
          null,
          null,
          null,
          null,
          null,
          null,
          null,
          null,
          null,
          null,
          null,
          null,
          null
        ]
      },
      "/home/vedsharma/Desktop/Playground/ROR/loan_app_new/app/controllers/pages_controller.rb": {
        "lines": [
          1,
          1,
          null,
          null
        ]
      },
      "/home/vedsharma/Desktop/Playground/ROR/loan_app_new/app/controllers/users_controller.rb": {
        "lines": [
          1,
          1,
          1,
          null,
          1,
          1,
          null,
          null,
          1,
          2,
          null,
          2,
          1,
          null,
          null,
          1,
          1,
          null,
          null,
          null,
          1,
          null,
          1,
          3,
          null,
          null,
          null,
          null
        ]
      },
      "/home/vedsharma/Desktop/Playground/ROR/loan_app_new/app/mailers/application_mailer.rb": {
        "lines": [
          1,
          1,
          1,
          null
        ]
      },
      "/home/vedsharma/Desktop/Playground/ROR/loan_app_new/app/models/loan.rb": {
        "lines": [
          1,
          1,
          1,
          1,
          1,
          1,
          1,
          null,
          1,
          1,
          1,
          1,
          1,
          1,
          1,
          1,
          1,
          null,
          null
        ]
      },
      "/home/vedsharma/Desktop/Playground/ROR/loan_app_new/app/models/role.rb": {
        "lines": [
          1,
          1,
          null,
          1,
          null,
          null,
          null,
          null,
          1,
          null,
          null,
          null,
          1,
          null
        ]
      },
      "/home/vedsharma/Desktop/Playground/ROR/loan_app_new/app/jobs/application_job.rb": {
        "lines": [
          0,
          null,
          0
        ],
        "branches": {
        }
      }
    },
    "timestamp": 1714731208
  }
}
